   4241 inoor     20   0   87784  80532   1948 S   0,0   0,5   0:01.34 bash
   4241 inoor     20   0  165928 158664   1948 S   0,0   1,0   0:02.72 bash
   4241 inoor     20   0  243940 236788   1948 S   0,0   1,5   0:04.11 bash
   4241 inoor     20   0  322084 314916   1948 S   0,0   2,0   0:05.51 bash
   4241 inoor     20   0  400228 393044   1948 S   0,0   2,5   0:06.90 bash
   4241 inoor     20   0  478372 471168   1948 S   0,0   3,0   0:08.29 bash
   4241 inoor     20   0  556516 549296   1948 S   0,0   3,5   0:09.67 bash
   4241 inoor     20   0  634660 627424   1948 S   0,0   4,0   0:10.58 bash
   4241 inoor     20   0  712804 705548   1948 S   0,0   4,5   0:11.44 bash
   4241 inoor     20   0  790948 783676   1948 S   0,0   5,0   0:12.32 bash
   4241 inoor     20   0  868960 861804   1948 S   0,0   5,5   0:13.21 bash
   4241 inoor     20   0  947104 939928   1948 S   0,0   6,0   0:14.08 bash
   4241 inoor     20   0 1025248 994,2m   1948 S   0,0   6,5   0:14.96 bash
   4241 inoor     20   0 1103392   1,0g   1948 S   0,0   7,0   0:15.89 bash
   4241 inoor     20   0 1181536   1,1g   1948 S   0,0   7,5   0:16.79 bash
   4241 inoor     20   0 1259680   1,2g   1948 S   0,0   8,0   0:17.67 bash
   4241 inoor     20   0 1337824   1,3g   1948 S   0,0   8,5   0:18.65 bash
   4241 inoor     20   0 1415836   1,3g   1948 S   0,0   9,0   0:19.93 bash
   4241 inoor     20   0 1493980   1,4g   1948 S   0,0   9,5   0:21.22 bash
   4241 inoor     20   0 1572124   1,5g   1948 S   0,0  10,0   0:22.26 bash
   4241 inoor     20   0 1650268   1,6g   1948 S   0,0  10,5   0:23.22 bash
   4241 inoor     20   0 1728412   1,6g   1948 S   0,0  11,0   0:24.20 bash
   4241 inoor     20   0 1806556   1,7g   1948 S   0,0  11,5   0:25.18 bash
   4241 inoor     20   0 1884700   1,8g   1948 S   0,0  12,0   0:26.15 bash
   4241 inoor     20   0 1962844   1,9g   1948 S   0,0  12,5   0:27.14 bash
   4241 inoor     20   0 2040856   1,9g   1948 S   0,0  13,0   0:28.15 bash
   4241 inoor     20   0 2119000   2,0g   1948 S   0,0  13,5   0:29.07 bash
   4241 inoor     20   0 2197144   2,1g   1948 S   0,0  14,0   0:29.98 bash
   4241 inoor     20   0 2275288   2,2g   1948 S   0,0  14,5   0:30.87 bash
   4241 inoor     20   0 2353432   2,2g   1948 S   0,0  14,9   0:31.78 bash
   4241 inoor     20   0 2431576   2,3g   1948 S   0,0  15,4   0:32.69 bash
   4241 inoor     20   0 2509720   2,4g   1948 S   0,0  15,9   0:33.61 bash
   4241 inoor     20   0 2587732   2,5g   1948 S   0,0  16,4   0:34.52 bash
   4241 inoor     20   0 2665876   2,5g   1948 S   0,0  16,9   0:35.42 bash
   4241 inoor     20   0 2744020   2,6g   1948 S   0,0  17,4   0:36.34 bash
   4241 inoor     20   0 2822164   2,7g   1948 S   0,0  17,9   0:37.28 bash
   4241 inoor     20   0 2900308   2,8g   1948 S   0,0  18,4   0:38.22 bash
   4241 inoor     20   0 2978452   2,8g   1948 S   0,0  18,9   0:39.15 bash
   4241 inoor     20   0 3056596   2,9g   1948 S   0,0  19,4   0:40.08 bash
   4241 inoor     20   0 3134740   3,0g   1948 S   0,0  19,9   0:41.03 bash
   4241 inoor     20   0 3212752   3,1g   1948 S   0,0  20,4   0:41.94 bash
   4241 inoor     20   0 3290896   3,1g   1948 S   0,0  20,9   0:42.87 bash
   4241 inoor     20   0 3369040   3,2g   1948 S   0,0  21,4   0:43.80 bash
   4241 inoor     20   0 3447184   3,3g   1948 S   0,0  21,9   0:44.73 bash
   4241 inoor     20   0 3525328   3,4g   1948 S   0,0  22,4   0:45.66 bash
   4241 inoor     20   0 3603472   3,4g   1948 S   0,0  22,9   0:46.59 bash
   4241 inoor     20   0 3681616   3,5g   1948 S   0,0  23,4   0:47.53 bash
   4241 inoor     20   0 3759760   3,6g   1948 S   0,0  23,9   0:48.46 bash
   4241 inoor     20   0 3837772   3,7g   1948 S   0,0  24,4   0:49.41 bash
   4241 inoor     20   0 3915916   3,7g   1948 S   0,0  24,9   0:50.37 bash
   4241 inoor     20   0 3994060   3,8g   1948 S   0,0  25,4   0:51.32 bash
   4241 inoor     20   0 4072204   3,9g   1948 S   0,0  25,9   0:52.27 bash
   4241 inoor     20   0 4150348   4,0g   1948 S   0,0  26,4   0:53.21 bash
   4241 inoor     20   0 4228492   4,0g   1948 S   0,0  26,9   0:54.16 bash
   4241 inoor     20   0 4306636   4,1g   1948 S   0,0  27,4   0:55.11 bash
   4241 inoor     20   0 4384648   4,2g   1948 S   0,0  27,9   0:56.08 bash
   4241 inoor     20   0 4462792   4,2g   1948 S   0,0  28,4   0:57.05 bash
   4241 inoor     20   0 4540936   4,3g   1948 S   0,0  28,9   0:58.02 bash
   4241 inoor     20   0 4619080   4,4g   1948 S   0,0  29,4   0:58.99 bash
   4241 inoor     20   0 4697224   4,5g   1948 S   0,0  29,9   0:59.95 bash
   4241 inoor     20   0 4775368   4,5g   1948 S   0,0  30,4   1:00.92 bash
   4241 inoor     20   0 4853512   4,6g   1948 S   0,0  30,9   1:01.88 bash
   4241 inoor     20   0 4931656   4,7g   1948 S   0,0  31,4   1:02.86 bash
   4241 inoor     20   0 5009668   4,8g   1948 S   0,0  31,9   1:03.86 bash
   4241 inoor     20   0 5087812   4,8g   1780 S   0,0  32,4   1:04.91 bash
   4241 inoor     20   0 5165956   4,9g   1624 S   0,0  32,9   1:05.93 bash
   4241 inoor     20   0 5244100   5,0g   1800 S   0,0  33,4   1:06.99 bash
   4241 inoor     20   0 5322244   5,1g   1800 S   0,0  33,9   1:08.04 bash
   4241 inoor     20   0 5400388   5,1g   1800 S   0,0  34,4   1:09.07 bash
   4241 inoor     20   0 5478532   5,2g   1800 S   0,0  34,9   1:10.14 bash
   4241 inoor     20   0 5556544   5,3g   1800 S   0,0  35,4   1:11.19 bash
   4241 inoor     20   0 5634688   5,4g   1800 S   0,0  35,9   1:12.22 bash
   4241 inoor     20   0 5712832   5,4g   1800 S   0,0  36,4   1:13.27 bash
   4241 inoor     20   0 5790976   5,5g   1800 S   0,0  36,8   1:14.29 bash
   4241 inoor     20   0 5869120   5,6g   1800 S   0,0  37,3   1:15.34 bash
   4241 inoor     20   0 5947264   5,7g   1800 S   0,0  37,8   1:16.43 bash
   4241 inoor     20   0 6025408   5,7g   1800 S   0,0  38,3   1:17.49 bash
   4241 inoor     20   0 6103552   5,8g   1800 S   0,0  38,8   1:18.58 bash
   4241 inoor     20   0 6181564   5,9g   1800 S   0,0  39,3   1:19.67 bash
   4241 inoor     20   0 6259708   6,0g   1800 S   0,0  39,8   1:20.75 bash
   4241 inoor     20   0 6337852   6,0g   1800 S   0,0  40,3   1:21.82 bash
   4241 inoor     20   0 6415996   6,1g   1800 S   0,0  40,8   1:22.90 bash
   4241 inoor     20   0 6494140   6,2g   1800 S   0,0  41,3   1:23.97 bash
   4241 inoor     20   0 6572284   6,3g   1800 S   0,0  41,8   1:25.05 bash
   4241 inoor     20   0 6650428   6,3g   1800 S   0,0  42,3   1:26.14 bash
   4241 inoor     20   0 6728440   6,4g   1800 S   0,0  42,8   1:27.23 bash
   4241 inoor     20   0 6806584   6,5g   1800 S   0,0  43,3   1:28.32 bash
   4241 inoor     20   0 6884728   6,6g   1692 S   0,0  43,8   1:29.43 bash
   4241 inoor     20   0 6962872   6,6g      0 S   0,0  44,3   1:30.55 bash
