   4240 inoor     20   0   87784  80532   1948 S   0,0   0,5   0:01.34 bash
   4240 inoor     20   0  165928 158664   1948 S   0,0   1,0   0:02.73 bash
   4240 inoor     20   0  243940 236788   1948 S   0,0   1,5   0:04.15 bash
   4240 inoor     20   0  322084 314916   1948 S   0,0   2,0   0:05.59 bash
   4240 inoor     20   0  400228 393044   1948 S   0,0   2,5   0:06.99 bash
   4240 inoor     20   0  478372 471168   1948 S   0,0   3,0   0:08.42 bash
   4240 inoor     20   0  556516 549296   1948 S   0,0   3,5   0:09.79 bash
   4240 inoor     20   0  634660 627424   1948 S   0,0   4,0   0:10.68 bash
   4240 inoor     20   0  712804 705548   1948 S   0,0   4,5   0:11.57 bash
   4240 inoor     20   0  790948 783676   1948 S   0,0   5,0   0:12.46 bash
   4240 inoor     20   0  868960 861804   1948 S   0,0   5,5   0:13.35 bash
   4240 inoor     20   0  947104 939928   1948 S   0,0   6,0   0:14.22 bash
   4240 inoor     20   0 1025248 994,2m   1948 S   0,0   6,5   0:15.09 bash
   4240 inoor     20   0 1103392   1,0g   1948 S   0,0   7,0   0:16.03 bash
   4240 inoor     20   0 1181536   1,1g   1948 S   0,0   7,5   0:16.92 bash
   4240 inoor     20   0 1259680   1,2g   1948 S   0,0   8,0   0:17.82 bash
   4240 inoor     20   0 1337824   1,3g   1948 S   0,0   8,5   0:18.85 bash
   4240 inoor     20   0 1415836   1,3g   1948 S   0,0   9,0   0:20.19 bash
   4240 inoor     20   0 1493980   1,4g   1948 S   0,0   9,5   0:21.42 bash
   4240 inoor     20   0 1572124   1,5g   1948 S   0,0  10,0   0:22.45 bash
   4240 inoor     20   0 1650268   1,6g   1948 S   0,0  10,5   0:23.43 bash
   4240 inoor     20   0 1728412   1,6g   1948 S   0,0  11,0   0:24.40 bash
   4240 inoor     20   0 1806556   1,7g   1948 S   0,0  11,5   0:25.37 bash
   4240 inoor     20   0 1884700   1,8g   1948 S   0,0  12,0   0:26.35 bash
   4240 inoor     20   0 1962844   1,9g   1948 S   0,0  12,5   0:27.37 bash
   4240 inoor     20   0 2040856   1,9g   1948 S   0,0  13,0   0:28.38 bash
   4240 inoor     20   0 2119000   2,0g   1948 S   0,0  13,5   0:29.27 bash
   4240 inoor     20   0 2197144   2,1g   1948 S   0,0  14,0   0:30.17 bash
   4240 inoor     20   0 2275288   2,2g   1948 S   0,0  14,5   0:31.09 bash
   4240 inoor     20   0 2353432   2,2g   1948 S   0,0  14,9   0:32.00 bash
   4240 inoor     20   0 2431576   2,3g   1948 S   0,0  15,4   0:32.92 bash
   4240 inoor     20   0 2509720   2,4g   1948 S   0,0  15,9   0:33.82 bash
   4240 inoor     20   0 2587732   2,5g   1948 S   0,0  16,4   0:34.73 bash
   4240 inoor     20   0 2665876   2,5g   1948 S   0,0  16,9   0:35.64 bash
   4240 inoor     20   0 2744020   2,6g   1948 S   0,0  17,4   0:36.56 bash
   4240 inoor     20   0 2822164   2,7g   1948 S   0,0  17,9   0:37.49 bash
   4240 inoor     20   0 2900308   2,8g   1948 S   0,0  18,4   0:38.43 bash
   4240 inoor     20   0 2978452   2,8g   1948 S   0,0  18,9   0:39.40 bash
   4240 inoor     20   0 3056596   2,9g   1948 S   0,0  19,4   0:40.36 bash
   4240 inoor     20   0 3134740   3,0g   1948 S   0,0  19,9   0:41.30 bash
   4240 inoor     20   0 3212752   3,1g   1948 S   0,0  20,4   0:42.27 bash
   4240 inoor     20   0 3290896   3,1g   1948 S   0,0  20,9   0:43.20 bash
   4240 inoor     20   0 3369040   3,2g   1948 S   0,0  21,4   0:44.18 bash
   4240 inoor     20   0 3447184   3,3g   1948 S   0,0  21,9   0:45.13 bash
   4240 inoor     20   0 3525328   3,4g   1948 S   0,0  22,4   0:46.07 bash
   4240 inoor     20   0 3603472   3,4g   1948 S   0,0  22,9   0:47.02 bash
   4240 inoor     20   0 3681616   3,5g   1948 S   0,0  23,4   0:47.95 bash
   4240 inoor     20   0 3759760   3,6g   1948 S   0,0  23,9   0:48.90 bash
   4240 inoor     20   0 3837772   3,7g   1948 S   0,0  24,4   0:49.85 bash
   4240 inoor     20   0 3915916   3,7g   1948 S   0,0  24,9   0:50.80 bash
   4240 inoor     20   0 3994060   3,8g   1948 S   0,0  25,4   0:51.75 bash
   4240 inoor     20   0 4072204   3,9g   1948 S   0,0  25,9   0:52.71 bash
   4240 inoor     20   0 4150348   4,0g   1948 S   0,0  26,4   0:53.66 bash
   4240 inoor     20   0 4228492   4,0g   1948 S   0,0  26,9   0:54.63 bash
   4240 inoor     20   0 4306636   4,1g   1948 S   0,0  27,4   0:55.60 bash
   4240 inoor     20   0 4384648   4,2g   1948 S   0,0  27,9   0:56.55 bash
   4240 inoor     20   0 4462792   4,2g   1948 S   0,0  28,4   0:57.52 bash
   4240 inoor     20   0 4540936   4,3g   1948 S   0,0  28,9   0:58.49 bash
   4240 inoor     20   0 4619080   4,4g   1948 S   0,0  29,4   0:59.46 bash
   4240 inoor     20   0 4697224   4,5g   1948 S   0,0  29,9   1:00.43 bash
   4240 inoor     20   0 4775368   4,5g   1948 S   0,0  30,4   1:01.39 bash
   4240 inoor     20   0 4853512   4,6g   1948 S   0,0  30,9   1:02.37 bash
   4240 inoor     20   0 4931656   4,7g   1948 S   0,0  31,4   1:03.38 bash
   4240 inoor     20   0 5009668   4,8g   1948 S   0,0  31,9   1:04.41 bash
   4240 inoor     20   0 5087812   4,8g   1448 S   0,0  32,4   1:05.44 bash
   4240 inoor     20   0 5165956   4,9g   1796 S   0,0  32,9   1:06.46 bash
   4240 inoor     20   0 5244100   5,0g   1812 S   0,0  33,4   1:07.51 bash
   4240 inoor     20   0 5322244   5,1g   1812 S   0,0  33,9   1:08.56 bash
   4240 inoor     20   0 5400388   5,1g   1812 S   0,0  34,4   1:09.58 bash
   4240 inoor     20   0 5478532   5,2g   1812 S   0,0  34,9   1:10.66 bash
   4240 inoor     20   0 5556544   5,3g   1812 S   0,0  35,4   1:11.72 bash
   4240 inoor     20   0 5634688   5,4g   1812 S   0,0  35,9   1:12.76 bash
   4240 inoor     20   0 5712832   5,4g   1812 S   0,0  36,4   1:13.79 bash
    990 root      20   0 2056004  34240  18956 S   0,0   0,2   0:02.18 snapd
   4240 inoor     20   0 5790976   5,5g   1812 S   0,0  36,8   1:14.83 bash
   4240 inoor     20   0 5869120   5,6g   1812 S   0,0  37,3   1:15.90 bash
   4240 inoor     20   0 5947264   5,7g   1812 S   0,0  37,8   1:16.97 bash
   4240 inoor     20   0 6025408   5,7g   1812 S   0,0  38,3   1:18.03 bash
   4240 inoor     20   0 6103552   5,8g   1812 S   0,0  38,8   1:19.12 bash
   1967 inoor     20   0  240640   4904   4240 S   0,0   0,0   0:00.19 gnome-k+
   4240 inoor     20   0 6181564   5,9g   1812 S   0,0  39,3   1:20.30 bash
   4240 inoor     20   0 6259708   6,0g   1812 S   0,0  39,8   1:21.40 bash
   4240 inoor     20   0 6337852   6,0g   1812 S   0,0  40,3   1:22.47 bash
   4240 inoor     20   0 6415996   6,1g   1812 S   0,0  40,8   1:23.59 bash
   4240 inoor     20   0 6494140   6,2g   1812 S   0,0  41,3   1:24.67 bash
   4240 inoor     20   0 6572284   6,3g   1812 S   0,0  41,8   1:25.74 bash
    992 root      20   0  235872   4904   4240 S   0,0   0,0   0:00.03 switche+
   4240 inoor     20   0 6650428   6,3g   1812 S   0,0  42,3   1:26.83 bash
   4240 inoor     20   0 6728440   6,4g   1812 S   0,0  42,8   1:27.93 bash
   4240 inoor     20   0 6806584   6,5g   1760 S   0,0  43,3   1:29.04 bash
   4240 inoor     20   0 6884728   6,6g   1556 S   0,0  43,8   1:30.15 bash
   4240 inoor     20   0 6962872   6,6g   1320 S   0,0  44,3   1:32.44 bash
   4240 inoor     20   0 7041016   6,7g   1640 S   0,0  44,8   1:33.55 bash
   4240 inoor     20   0 7119160   6,8g   1640 S   0,0  45,3   1:34.65 bash
   4240 inoor     20   0 7197304   6,9g   1640 S   0,0  45,8   1:35.81 bash
   4240 inoor     20   0 7275448   6,9g   1640 S   0,0  46,3   1:37.36 bash
   4240 inoor     20   0 7353460   7,0g   1640 S   0,0  46,8   1:39.06 bash
   4240 inoor     20   0 7431604   7,1g   1640 S   0,0  47,3   1:40.79 bash
   4240 inoor     20   0 7509748   7,2g   1640 S   0,0  47,8   1:42.49 bash
   4240 inoor     20   0 7587892   7,2g   1640 S   0,0  48,3   1:44.23 bash
   4240 inoor     20   0 7666036   7,3g   1640 S   0,0  48,8   1:45.96 bash
   4240 inoor     20   0 7744180   7,4g   1640 S   0,0  49,3   1:47.36 bash
   4240 inoor     20   0 7822324   7,5g   1640 S   0,0  49,8   1:48.61 bash
   4240 inoor     20   0 7900468   7,5g   1640 S   0,0  50,3   1:49.76 bash
   4240 inoor     20   0 7978480   7,6g   1640 S   0,0  50,8   1:50.93 bash
   4240 inoor     20   0 8056624   7,7g   1640 S   0,0  51,3   1:52.11 bash
   4240 inoor     20   0 8134768   7,8g   1640 S   0,0  51,8   1:53.29 bash
   4240 inoor     20   0 8212912   7,8g   1640 S   0,0  52,3   1:54.47 bash
   4240 inoor     20   0 8291056   7,9g   1640 S   0,0  52,8   1:55.66 bash
   4240 inoor     20   0 8369200   8,0g   1640 S   0,0  53,3   1:56.83 bash
   4240 inoor     20   0 8447344   8,0g   1640 S   0,0  53,8   1:58.04 bash
   4240 inoor     20   0 8525356   8,1g   1640 S   0,0  54,3   1:59.21 bash
   4240 inoor     20   0 8603500   8,2g   1640 S   0,0  54,8   2:00.40 bash
   4240 inoor     20   0 8681644   8,3g   1640 S   0,0  55,3   2:01.60 bash
   4240 inoor     20   0 8759788   8,3g   1640 S   0,0  55,8   2:02.81 bash
   4240 inoor     20   0 8837932   8,4g   1640 S   0,0  56,3   2:04.01 bash
   4240 inoor     20   0 8916076   8,5g   1640 S   0,0  56,8   2:05.23 bash
   4240 inoor     20   0 8994220   8,6g   1640 S   0,0  57,3   2:06.47 bash
   4240 inoor     20   0 9072364   8,6g   1640 S   0,0  57,8   2:07.70 bash
   4240 inoor     20   0 9150376   8,7g   1640 S   0,0  58,2   2:08.97 bash
   4240 inoor     20   0 9228520   8,8g   1640 S   0,0  58,7   2:10.17 bash
   4240 inoor     20   0 9306664   8,9g   1640 S   0,0  59,2   2:11.46 bash
   4240 inoor     20   0 9384808   8,9g   1640 S   0,0  59,7   2:12.72 bash
   4240 inoor     20   0 9462952   9,0g   1640 S   0,0  60,2   2:13.97 bash
   4240 inoor     20   0 9541096   9,1g   1640 S   0,0  60,7   2:15.22 bash
   4240 inoor     20   0 9619240   9,2g   1640 S   0,0  61,2   2:16.50 bash
   4240 inoor     20   0 9697252   9,2g   1640 S   0,0  61,7   2:17.74 bash
   4240 inoor     20   0 9775396   9,3g   1640 S   0,0  62,2   2:18.99 bash
   4240 inoor     20   0 9853540   9,4g   1640 S   0,0  62,7   2:20.25 bash
   4240 inoor     20   0 9931684   9,5g   1640 S   0,0  63,2   2:21.48 bash
   4240 inoor     20   0 9775,2m   9,5g   1640 S   0,0  63,7   2:22.71 bash
   4240 inoor     20   0 9851,5m   9,6g   1640 S   0,0  64,2   2:23.94 bash
   4240 inoor     20   0 9927,8m   9,7g   1640 S   0,0  64,7   2:25.20 bash
   4240 inoor     20   0    9,8g   9,8g   1640 S   0,0  65,2   2:26.48 bash
   4240 inoor     20   0    9,8g   9,8g   1640 S   0,0  65,7   2:27.73 bash
   4240 inoor     20   0    9,9g   9,9g   1640 S   0,0  66,2   2:28.96 bash
   4240 inoor     20   0   10,0g  10,0g   1640 S   0,0  66,7   2:30.23 bash
   4240 inoor     20   0   10,1g  10,1g   1640 S   0,0  67,2   2:31.50 bash
   4240 inoor     20   0   10,1g  10,1g   1640 S   0,0  67,7   2:32.79 bash
   4240 inoor     20   0   10,2g  10,2g   1640 S   0,0  68,2   2:34.07 bash
   4240 inoor     20   0   10,3g  10,3g   1640 S   0,0  68,7   2:35.35 bash
   4240 inoor     20   0   10,4g  10,4g   1640 S   0,0  69,2   2:36.64 bash
   4240 inoor     20   0   10,4g  10,4g   1640 S   0,0  69,7   2:37.94 bash
   4240 inoor     20   0   10,5g  10,5g   1640 S   0,0  70,2   2:39.22 bash
   4240 inoor     20   0   10,6g  10,6g   1640 S   0,0  70,7   2:40.46 bash
   4240 inoor     20   0   10,7g  10,7g   1640 S   0,0  71,2   2:41.70 bash
   4048 inoor     20   0 3407180 534076 144240 S  37,5   3,4   0:55.98 Isolate+
   4240 inoor     20   0   10,7g  10,7g   1640 S   0,0  71,7   2:42.97 bash
   4048 inoor     20   0 3407180 534968 144240 S  50,0   3,4   0:56.39 Isolate+
   4240 inoor     20   0   10,8g  10,8g   1640 S   0,0  72,2   2:44.22 bash
   4240 inoor     20   0   10,9g  10,9g   1640 S   0,0  72,7   2:45.50 bash
   4240 inoor     20   0   11,0g  11,0g   1640 S   0,0  73,2   2:46.80 bash
   4240 inoor     20   0   11,0g  11,0g   1640 S   0,0  73,7   2:48.08 bash
   4240 inoor     20   0   11,1g  11,1g   1640 S   0,0  74,2   2:49.35 bash
   4240 inoor     20   0   11,2g  11,2g   1640 S   0,0  74,7   2:50.66 bash
   4240 inoor     20   0   11,3g  11,3g   1640 S   0,0  75,2   2:51.96 bash
   4240 inoor     20   0   11,3g  11,3g   1640 S   0,0  75,7   2:53.24 bash
   4240 inoor     20   0   11,4g  11,4g   1640 S   0,0  76,2   2:54.54 bash
   4240 inoor     20   0   11,5g  11,5g   1640 S   0,0  76,7   2:55.82 bash
   4240 inoor     20   0   11,6g  11,6g   1640 S   0,0  77,2   2:57.10 bash
   4240 inoor     20   0   11,6g  11,6g   1640 S   0,0  77,7   2:58.37 bash
   4240 inoor     20   0   11,7g  11,7g   1640 S   0,0  78,2   2:59.64 bash
   4240 inoor     20   0   11,8g  11,8g   1640 S   0,0  78,7   3:00.94 bash
   4240 inoor     20   0   11,9g  11,8g   1640 S   0,0  79,2   3:02.24 bash
   4240 inoor     20   0   11,9g  11,9g   1640 S   0,0  79,7   3:03.51 bash
   4240 inoor     20   0   12,0g  12,0g   1640 S   0,0  80,2   3:04.78 bash
   4240 inoor     20   0   12,1g  12,1g   1640 S   0,0  80,6   3:06.10 bash
   4240 inoor     20   0   12,2g  12,1g   1640 S   0,0  81,1   3:07.39 bash
   4240 inoor     20   0   12,2g  12,2g   1640 S   0,0  81,5   3:08.67 bash
   4240 inoor     20   0   12,3g  12,2g   1640 S   0,0  81,7   3:09.96 bash
   4240 inoor     20   0   12,4g  12,2g   1640 S   0,0  81,7   3:11.30 bash
   4240 inoor     20   0   12,5g  12,3g   1640 S   0,0  81,9   3:12.60 bash
   4240 inoor     20   0   12,5g  12,3g   1640 S   0,0  82,1   3:13.92 bash
   4240 inoor     20   0   12,6g  12,3g   1640 S   0,0  82,2   3:15.23 bash
   4240 inoor     20   0   12,7g  12,4g   1640 S   0,0  82,7   3:16.52 bash
   4240 inoor     20   0   12,7g  12,4g   1640 S   0,0  83,2   3:17.85 bash
   4240 inoor     20   0   12,8g  12,5g   1640 S   0,0  83,7   3:19.16 bash
   4240 inoor     20   0   12,9g  12,6g   1584 S   0,0  84,2   3:20.46 bash
   4240 inoor     20   0   13,0g  12,7g   1580 S   0,0  84,7   3:21.79 bash
   4240 inoor     20   0   13,0g  12,7g   1580 S   0,0  85,2   3:23.10 bash
   4240 inoor     20   0   13,1g  12,8g   1384 S   0,0  85,7   3:24.45 bash
   4240 inoor     20   0   13,2g  12,9g      0 S   0,0  86,1   3:25.85 bash
   4240 inoor     20   0   13,3g  13,0g      0 S   0,0  86,6   3:27.85 bash
